2026-07-22 20:45:53.879 No ASGI app assignments found in C:\Users\nhanl\OneDrive\Desktop\School\DSP391m\Real-Estate-Valuation\app\ui\streamlit_app.py
2026-07-22 20:45:54.645 Filtered 215 packages down to 1 candidates for component scanning
2026-07-22 20:45:54.645 Scanning 1 candidate packages for component manifests using 1 worker threads
2026-07-22 20:45:54.672 Found 0 component manifests total
2026-07-22 20:45:54.672 No asset roots to watch
2026-07-22 20:45:54.672 File watching not started
2026-07-22 20:45:54.672 Starting new event loop for server
2026-07-22 20:45:54.677 Starting server...
2026-07-22 20:45:54.743 Starting uvicorn server on :::8500
2026-07-22 20:45:54.816 Runtime state: RuntimeState.INITIAL -> RuntimeState.NO_SESSIONS_CONNECTED
2026-07-22 20:45:54.816 Uvicorn server started on :::8500

  You can now view your Streamlit app in your browser.

  Local URL: http://localhost:8500
  Network URL: http://192.168.1.67:8500

  Help agents write better Streamlit apps?
  Install the official Streamlit skills by running streamlit skills in your terminal.

2026-07-22 20:45:54.907 Setting up signal handler
2026-07-22 20:45:55.241 No singleton. Registering one.
2026-07-22 20:45:55.251 Watcher created for C:\Users\nhanl\OneDrive\Desktop\School\DSP391m\Real-Estate-Valuation\app\ui\streamlit_app.py
2026-07-22 20:45:55.253 AppSession initialized (id=d1ef7013-929f-4035-8676-92ff859d6e64)
2026-07-22 20:45:55.253 Created new session for client 2154784228880. Session ID: d1ef7013-929f-4035-8676-92ff859d6e64
2026-07-22 20:45:55.253 Runtime state: RuntimeState.NO_SESSIONS_CONNECTED -> RuntimeState.ONE_OR_MORE_SESSIONS_CONNECTED
2026-07-22 20:45:55.341 Watcher created for C:\Users\nhanl\OneDrive\Desktop\School\DSP391m\Real-Estate-Valuation\app\ui\streamlit_app.py
2026-07-22 20:45:55.341 AppSession initialized (id=bd2768ca-ae27-43af-a78e-be42372bf42e)
2026-07-22 20:45:55.341 Created new session for client 2154784543504. Session ID: bd2768ca-ae27-43af-a78e-be42372bf42e
2026-07-22 20:45:55.341 Runtime state: RuntimeState.ONE_OR_MORE_SESSIONS_CONNECTED -> RuntimeState.ONE_OR_MORE_SESSIONS_CONNECTED
2026-07-22 20:45:56.366 Watcher created for C:\Users\nhanl\OneDrive\Desktop\School\DSP391m\Real-Estate-Valuation\app\ui\streamlit_app.py
2026-07-22 20:45:56.366 AppSession initialized (id=577d0797-30ff-4b37-b6e6-85a07be38408)
2026-07-22 20:45:56.366 Created new session for client 2154784618256. Session ID: 577d0797-30ff-4b37-b6e6-85a07be38408
2026-07-22 20:45:56.366 Runtime state: RuntimeState.ONE_OR_MORE_SESSIONS_CONNECTED -> RuntimeState.ONE_OR_MORE_SESSIONS_CONNECTED
2026-07-22 20:45:56.386 Beginning script thread
2026-07-22 20:45:56.386 Running script
2026-07-22 20:45:56.386 Disconnecting files for session with ID 577d0797-30ff-4b37-b6e6-85a07be38408
2026-07-22 20:45:56.386 Sessions still active: dict_keys([])
2026-07-22 20:45:56.388 Files: 0; Sessions with files: 0
2026-07-22 20:45:59.110 Creating new ResourceCache (key=a7ccc5d4f399e8f808979ea8f22b6042)
2026-07-22 20:45:59.110 Cache key: cae66941d9efbd404e4d88758ea67670
2026-07-22 20:46:05.395 Creating new DataCache (key=5a4d6538d22b2aa6847f9e4892e67a33, persist=None, max_entries=None, ttl=None)
2026-07-22 20:46:05.395 Cache key: cae66941d9efbd404e4d88758ea67670
2026-07-22 20:46:05.402 Memory cache MISS: cae66941d9efbd404e4d88758ea67670
2026-07-22 20:46:05.402 Memory cache MISS: cae66941d9efbd404e4d88758ea67670
2026-07-22 20:46:09.533 Runtime state: RuntimeState.ONE_OR_MORE_SESSIONS_CONNECTED -> RuntimeState.NO_SESSIONS_CONNECTED
2026-07-22 20:46:11.038 Watcher created for C:\Users\nhanl\OneDrive\Desktop\School\DSP391m\Real-Estate-Valuation\app\ui\streamlit_app.py
2026-07-22 20:46:11.038 AppSession initialized (id=3c77ddc4-eeeb-4e2e-ae6f-5566ca72c16b)
2026-07-22 20:46:11.038 Created new session for client 2155120464592. Session ID: 3c77ddc4-eeeb-4e2e-ae6f-5566ca72c16b
2026-07-22 20:46:11.040 Runtime state: RuntimeState.NO_SESSIONS_CONNECTED -> RuntimeState.ONE_OR_MORE_SESSIONS_CONNECTED
2026-07-22 20:46:11.985 Watcher created for C:\Users\nhanl\OneDrive\Desktop\School\DSP391m\Real-Estate-Valuation\app\ui\streamlit_app.py
2026-07-22 20:46:11.985 Runtime state: RuntimeState.ONE_OR_MORE_SESSIONS_CONNECTED -> RuntimeState.ONE_OR_MORE_SESSIONS_CONNECTED
2026-07-22 20:46:11.991 Beginning script thread
2026-07-22 20:46:11.991 Running script
2026-07-22 20:46:11.991 Disconnecting files for session with ID 577d0797-30ff-4b37-b6e6-85a07be38408
2026-07-22 20:46:11.991 Sessions still active: dict_keys([])
2026-07-22 20:46:11.993 Files: 0; Sessions with files: 0
2026-07-22 20:46:12.182 Cache key: cae66941d9efbd404e4d88758ea67670
2026-07-22 20:46:12.204 Cache key: cae66941d9efbd404e4d88758ea67670
2026-07-22 20:46:12.204 Memory cache MISS: cae66941d9efbd404e4d88758ea67670
2026-07-22 20:46:12.907 Watcher created for C:\Users\nhanl\OneDrive\Desktop\School\DSP391m\Real-Estate-Valuation\app\ui\streamlit_app.py
2026-07-22 20:46:12.907 AppSession initialized (id=f0011d36-1d38-4c99-a2e2-b797fea34103)
2026-07-22 20:46:12.909 Created new session for client 2156237656272. Session ID: f0011d36-1d38-4c99-a2e2-b797fea34103
2026-07-22 20:46:12.909 Runtime state: RuntimeState.ONE_OR_MORE_SESSIONS_CONNECTED -> RuntimeState.ONE_OR_MORE_SESSIONS_CONNECTED
2026-07-23 05:03:35.310 Memory cache HIT: cae66941d9efbd404e4d88758ea67670
2026-07-23 05:03:35.336 Removing orphaned files...
2026-07-23 05:03:35.337 Removing orphaned deferred callables...
2026-07-23 05:03:36.187 Removing orphaned files...
2026-07-23 05:03:36.188 Removing orphaned deferred callables...
Exception in callback _ProactorBasePipeTransport._call_connection_lost(None)
handle: <Handle _ProactorBasePipeTransport._call_connection_lost(None)>
Traceback (most recent call last):
  File "C:\Users\nhanl\AppData\Local\Programs\Python\Python311\Lib\asyncio\events.py", line 84, in _run
    self._context.run(self._callback, *self._args)
  File "C:\Users\nhanl\AppData\Local\Programs\Python\Python311\Lib\asyncio\proactor_events.py", line 165, in _call_connection_lost
    self._sock.shutdown(socket.SHUT_RDWR)
ConnectionResetError: [WinError 10054] An existing connection was forcibly closed by the remote host
2026-07-23 05:03:37.196 Ignoring event from non-current ScriptRunner: ScriptRunnerEvent.ENQUEUE_FORWARD_MSG
2026-07-23 05:03:37.262 Ignoring event from non-current ScriptRunner: ScriptRunnerEvent.SCRIPT_STOPPED_WITH_SUCCESS
2026-07-23 05:03:37.263 Ignoring event from non-current ScriptRunner: ScriptRunnerEvent.SHUTDOWN
2026-07-23 05:03:37.377 Shutting down (id=bd2768ca-ae27-43af-a78e-be42372bf42e)
2026-07-23 05:03:37.378 Disconnecting files for session with ID bd2768ca-ae27-43af-a78e-be42372bf42e
2026-07-23 05:03:37.378 Sessions still active: dict_keys([])
2026-07-23 05:03:37.409 Files: 0; Sessions with files: 0
2026-07-23 05:03:37.409 Removing orphaned files...
2026-07-23 05:03:37.409 Removing orphaned deferred callables...
2026-07-23 05:03:37.409 Shutting down (id=d1ef7013-929f-4035-8676-92ff859d6e64)
2026-07-23 05:03:37.409 Disconnecting files for session with ID d1ef7013-929f-4035-8676-92ff859d6e64
2026-07-23 05:03:37.409 Sessions still active: dict_keys([])
2026-07-23 05:03:37.409 Files: 0; Sessions with files: 0
2026-07-23 05:03:37.409 Removing orphaned files...
2026-07-23 05:03:37.410 Removing orphaned deferred callables...
2026-07-23 05:03:37.411 Runtime state: RuntimeState.ONE_OR_MORE_SESSIONS_CONNECTED -> RuntimeState.NO_SESSIONS_CONNECTED
2026-07-23 05:03:37.800 Watcher created for C:\Users\nhanl\OneDrive\Desktop\School\DSP391m\Real-Estate-Valuation\app\ui\streamlit_app.py
2026-07-23 05:03:37.801 AppSession initialized (id=75bf18f8-adb5-4c2d-818e-4ea27ed30aed)
2026-07-23 05:03:37.801 Created new session for client 2156242884048. Session ID: 75bf18f8-adb5-4c2d-818e-4ea27ed30aed
2026-07-23 05:03:37.801 Runtime state: RuntimeState.NO_SESSIONS_CONNECTED -> RuntimeState.ONE_OR_MORE_SESSIONS_CONNECTED
2026-07-23 05:03:37.803 File/dir timestamp did not change: C:\Users\nhanl\OneDrive\Desktop\School\DSP391m\Real-Estate-Valuation\app\ui\streamlit_app.py
2026-07-23 05:03:37.952 Shutting down (id=f0011d36-1d38-4c99-a2e2-b797fea34103)
2026-07-23 05:03:37.952 Disconnecting files for session with ID f0011d36-1d38-4c99-a2e2-b797fea34103
2026-07-23 05:03:37.955 Sessions still active: dict_keys([])
2026-07-23 05:03:38.224 Files: 0; Sessions with files: 0
2026-07-23 05:03:38.224 Removing orphaned files...
2026-07-23 05:03:38.224 Removing orphaned deferred callables...
2026-07-23 05:03:51.173 Watcher created for C:\Users\nhanl\OneDrive\Desktop\School\DSP391m\Real-Estate-Valuation\app\ui\streamlit_app.py
2026-07-23 05:03:51.174 AppSession initialized (id=a4a54e86-bb72-4b5d-a26a-cb563659b6e0)
2026-07-23 05:03:51.198 Created new session for client 2156242894480. Session ID: a4a54e86-bb72-4b5d-a26a-cb563659b6e0
2026-07-23 05:03:51.200 Runtime state: RuntimeState.ONE_OR_MORE_SESSIONS_CONNECTED -> RuntimeState.ONE_OR_MORE_SESSIONS_CONNECTED
2026-07-23 05:03:51.324 Beginning script thread
2026-07-23 05:03:51.324 Running script
2026-07-23 05:03:51.325 Disconnecting files for session with ID a4a54e86-bb72-4b5d-a26a-cb563659b6e0
2026-07-23 05:03:51.325 Sessions still active: dict_keys([])
2026-07-23 05:03:51.325 Files: 0; Sessions with files: 0
2026-07-23 05:03:53.100 Cache key: cae66941d9efbd404e4d88758ea67670
2026-07-23 05:03:53.200 Cache key: cae66941d9efbd404e4d88758ea67670
2026-07-23 05:03:53.203 Memory cache HIT: cae66941d9efbd404e4d88758ea67670
2026-07-23 05:03:59.381 Please replace `use_container_width` with `width`.

`use_container_width` will be removed after 2025-12-31.

For `use_container_width=True`, use `width='stretch'`. For `use_container_width=False`, use `width='content'`.
2026-07-23 05:03:59.419 Removing orphaned files...
2026-07-23 05:03:59.419 Removing orphaned deferred callables...
2026-07-23 05:03:59.928 Shutting down (id=577d0797-30ff-4b37-b6e6-85a07be38408)
2026-07-23 05:03:59.928 Disconnecting files for session with ID 577d0797-30ff-4b37-b6e6-85a07be38408
2026-07-23 05:03:59.929 Sessions still active: dict_keys([])
2026-07-23 05:03:59.929 Files: 0; Sessions with files: 0
2026-07-23 05:03:59.929 Removing orphaned files...
2026-07-23 05:03:59.930 Removing orphaned deferred callables...
2026-07-23 05:04:07.260 Watcher created for C:\Users\nhanl\OneDrive\Desktop\School\DSP391m\Real-Estate-Valuation\app\ui\streamlit_app.py
2026-07-23 05:04:07.260 AppSession initialized (id=958c97e4-e0b5-4e5f-9533-4bc477a59dfa)
2026-07-23 05:04:07.260 Created new session for client 2156242521872. Session ID: 958c97e4-e0b5-4e5f-9533-4bc477a59dfa
2026-07-23 05:04:07.260 Runtime state: RuntimeState.ONE_OR_MORE_SESSIONS_CONNECTED -> RuntimeState.ONE_OR_MORE_SESSIONS_CONNECTED
2026-07-23 05:04:50.212 Ignoring changed path C:\Users\nhanl\OneDrive\Desktop\School\DSP391m\Real-Estate-Valuation\app\ui\__init__.py.
Watched_paths: {'C:\\Users\\nhanl\\OneDrive\\Desktop\\School\\DSP391m\\Real-Estate-Valuation\\app\\ui\\streamlit_app.py': WatchedPath(content_hash='d3da850daa6dffa40de9e7e9a5a8063f', modification_time=1784727894.8918636, on_changed=<blinker.base.Signal object at 0x000001F60A1766D0>)}
2026-07-23 05:04:59.280 Watcher created for C:\Users\nhanl\OneDrive\Desktop\School\DSP391m\Real-Estate-Valuation\app\ui\streamlit_app.py
2026-07-23 05:04:59.281 AppSession initialized (id=ea20d7da-1272-43f9-824a-8fc06884a6d1)
2026-07-23 05:04:59.282 Created new session for client 2156214282192. Session ID: ea20d7da-1272-43f9-824a-8fc06884a6d1
2026-07-23 05:04:59.282 Runtime state: RuntimeState.ONE_OR_MORE_SESSIONS_CONNECTED -> RuntimeState.ONE_OR_MORE_SESSIONS_CONNECTED
2026-07-23 05:04:59.310 Beginning script thread
2026-07-23 05:04:59.314 Running script
2026-07-23 05:04:59.316 Disconnecting files for session with ID ea20d7da-1272-43f9-824a-8fc06884a6d1
2026-07-23 05:04:59.316 Sessions still active: dict_keys([])
2026-07-23 05:04:59.317 Files: 0; Sessions with files: 0
2026-07-23 05:04:59.377 Cache key: cae66941d9efbd404e4d88758ea67670
2026-07-23 05:04:59.419 Cache key: cae66941d9efbd404e4d88758ea67670
2026-07-23 05:04:59.420 Memory cache HIT: cae66941d9efbd404e4d88758ea67670
2026-07-23 05:05:01.566 Please replace `use_container_width` with `width`.

`use_container_width` will be removed after 2025-12-31.

For `use_container_width=True`, use `width='stretch'`. For `use_container_width=False`, use `width='content'`.
2026-07-23 05:05:01.600 Removing orphaned files...
2026-07-23 05:05:01.636 Removing orphaned deferred callables...
2026-07-23 05:05:04.956 Beginning script thread
2026-07-23 05:05:04.956 Running script
2026-07-23 05:05:04.958 Disconnecting files for session with ID ea20d7da-1272-43f9-824a-8fc06884a6d1
2026-07-23 05:05:04.958 Sessions still active: dict_keys([])
2026-07-23 05:05:04.958 Files: 0; Sessions with files: 0
2026-07-23 05:05:04.968 Cache key: cae66941d9efbd404e4d88758ea67670
2026-07-23 05:05:06.628 Beginning script thread
2026-07-23 05:05:06.628 Running script
2026-07-23 05:05:06.628 Disconnecting files for session with ID ea20d7da-1272-43f9-824a-8fc06884a6d1
2026-07-23 05:05:06.628 Sessions still active: dict_keys([])
2026-07-23 05:05:06.628 Files: 0; Sessions with files: 0
2026-07-23 05:05:06.640 Cache key: cae66941d9efbd404e4d88758ea67670
2026-07-23 05:05:06.658 Cache key: cae66941d9efbd404e4d88758ea67670
2026-07-23 05:05:06.659 Memory cache HIT: cae66941d9efbd404e4d88758ea67670
2026-07-23 05:05:07.284 Beginning script thread
2026-07-23 05:05:07.284 Running script
2026-07-23 05:05:07.284 Disconnecting files for session with ID ea20d7da-1272-43f9-824a-8fc06884a6d1
2026-07-23 05:05:07.285 Sessions still active: dict_keys([])
2026-07-23 05:05:07.285 Files: 0; Sessions with files: 0
2026-07-23 05:05:07.297 Cache key: cae66941d9efbd404e4d88758ea67670
2026-07-23 05:05:08.760 Ignoring event from non-current ScriptRunner: ScriptRunnerEvent.ENQUEUE_FORWARD_MSG
2026-07-23 05:05:08.761 Ignoring event from non-current ScriptRunner: ScriptRunnerEvent.SCRIPT_STOPPED_WITH_SUCCESS
2026-07-23 05:05:08.761 Removing orphaned files...
2026-07-23 05:05:08.761 Removing orphaned deferred callables...
2026-07-23 05:05:08.871 Ignoring event from non-current ScriptRunner: ScriptRunnerEvent.SHUTDOWN
2026-07-23 05:05:16.426 Ignoring event from non-current ScriptRunner: ScriptRunnerEvent.ENQUEUE_FORWARD_MSG
2026-07-23 05:05:16.427 Removing orphaned files...
2026-07-23 05:05:16.428 Ignoring event from non-current ScriptRunner: ScriptRunnerEvent.SCRIPT_STOPPED_WITH_SUCCESS
2026-07-23 05:05:16.428 Removing orphaned deferred callables...
2026-07-23 05:05:16.523 Ignoring event from non-current ScriptRunner: ScriptRunnerEvent.SHUTDOWN
2026-07-23 05:05:16.562 Cache key: cae66941d9efbd404e4d88758ea67670
2026-07-23 05:05:16.562 Memory cache HIT: cae66941d9efbd404e4d88758ea67670
2026-07-23 05:05:17.851 Please replace `use_container_width` with `width`.

`use_container_width` will be removed after 2025-12-31.

For `use_container_width=True`, use `width='stretch'`. For `use_container_width=False`, use `width='content'`.
2026-07-23 05:05:17.856 Removing orphaned files...
2026-07-23 05:05:17.857 Removing orphaned deferred callables...
2026-07-23 05:05:23.770 Beginning script thread
2026-07-23 05:05:23.771 Running script
2026-07-23 05:05:23.771 Disconnecting files for session with ID ea20d7da-1272-43f9-824a-8fc06884a6d1
2026-07-23 05:05:23.771 Sessions still active: dict_keys([])
2026-07-23 05:05:23.771 Files: 0; Sessions with files: 0
2026-07-23 05:05:23.782 Cache key: cae66941d9efbd404e4d88758ea67670
2026-07-23 05:05:28.382 Please replace `use_container_width` with `width`.

`use_container_width` will be removed after 2025-12-31.

For `use_container_width=True`, use `width='stretch'`. For `use_container_width=False`, use `width='content'`.
2026-07-23 05:05:29.538 Please replace `use_container_width` with `width`.

`use_container_width` will be removed after 2025-12-31.

For `use_container_width=True`, use `width='stretch'`. For `use_container_width=False`, use `width='content'` or specify an integer width.
2026-07-23 05:05:29.546 Please replace `use_container_width` with `width`.

`use_container_width` will be removed after 2025-12-31.

For `use_container_width=True`, use `width='stretch'`. For `use_container_width=False`, use `width='content'`.
2026-07-23 05:05:29.573 Cache key: cae66941d9efbd404e4d88758ea67670
2026-07-23 05:05:29.573 Memory cache HIT: cae66941d9efbd404e4d88758ea67670
2026-07-23 05:05:32.102 Please replace `use_container_width` with `width`.

`use_container_width` will be removed after 2025-12-31.

For `use_container_width=True`, use `width='stretch'`. For `use_container_width=False`, use `width='content'`.
2026-07-23 05:05:32.111 Removing orphaned files...
2026-07-23 05:05:32.115 Removing orphaned deferred callables...
2026-07-23 05:05:45.706 Beginning script thread
2026-07-23 05:05:45.706 Running script
2026-07-23 05:05:45.707 Disconnecting files for session with ID ea20d7da-1272-43f9-824a-8fc06884a6d1
2026-07-23 05:05:45.707 Sessions still active: dict_keys([])
2026-07-23 05:05:45.707 Files: 0; Sessions with files: 0
2026-07-23 05:05:45.721 Cache key: cae66941d9efbd404e4d88758ea67670
2026-07-23 05:05:47.840 Cache key: cae66941d9efbd404e4d88758ea67670
2026-07-23 05:05:47.840 Memory cache HIT: cae66941d9efbd404e4d88758ea67670
2026-07-23 05:05:49.280 Please replace `use_container_width` with `width`.

`use_container_width` will be removed after 2025-12-31.

For `use_container_width=True`, use `width='stretch'`. For `use_container_width=False`, use `width='content'`.
2026-07-23 05:05:49.289 Removing orphaned files...
2026-07-23 05:05:49.289 Removing orphaned deferred callables...
2026-07-23 05:07:24.257 Ignoring changed path C:\Users\nhanl\OneDrive\Desktop\School\DSP391m\Real-Estate-Valuation\app\ui\streamlit_app.py.tmp.20852.f38b38d2d89b.
Watched_paths: {'C:\\Users\\nhanl\\OneDrive\\Desktop\\School\\DSP391m\\Real-Estate-Valuation\\app\\ui\\streamlit_app.py': WatchedPath(content_hash='d3da850daa6dffa40de9e7e9a5a8063f', modification_time=1784727894.8918636, on_changed=<blinker.base.Signal object at 0x000001F60A1766D0>)}
2026-07-23 05:07:24.260 Ignoring changed path C:\Users\nhanl\OneDrive\Desktop\School\DSP391m\Real-Estate-Valuation\app\ui\streamlit_app.py.tmp.20852.f38b38d2d89b.
Watched_paths: {'C:\\Users\\nhanl\\OneDrive\\Desktop\\School\\DSP391m\\Real-Estate-Valuation\\app\\ui\\streamlit_app.py': WatchedPath(content_hash='d3da850daa6dffa40de9e7e9a5a8063f', modification_time=1784727894.8918636, on_changed=<blinker.base.Signal object at 0x000001F60A1766D0>)}
2026-07-23 05:07:24.261 Ignoring changed path C:\Users\nhanl\OneDrive\Desktop\School\DSP391m\Real-Estate-Valuation\app\ui\streamlit_app.py.tmp.20852.f38b38d2d89b.
Watched_paths: {'C:\\Users\\nhanl\\OneDrive\\Desktop\\School\\DSP391m\\Real-Estate-Valuation\\app\\ui\\streamlit_app.py': WatchedPath(content_hash='d3da850daa6dffa40de9e7e9a5a8063f', modification_time=1784727894.8918636, on_changed=<blinker.base.Signal object at 0x000001F60A1766D0>)}
2026-07-23 05:07:24.264 Move event: src C:\Users\nhanl\OneDrive\Desktop\School\DSP391m\Real-Estate-Valuation\app\ui\streamlit_app.py.tmp.20852.f38b38d2d89b; dest C:\Users\nhanl\OneDrive\Desktop\School\DSP391m\Real-Estate-Valuation\app\ui\streamlit_app.py
2026-07-23 05:07:24.343 File/dir hash changed: C:\Users\nhanl\OneDrive\Desktop\School\DSP391m\Real-Estate-Valuation\app\ui\streamlit_app.py
2026-07-23 05:07:24.343 Path changed: C:\Users\nhanl\OneDrive\Desktop\School\DSP391m\Real-Estate-Valuation\app\ui\streamlit_app.py
2026-07-23 05:07:24.344 Path changed: C:\Users\nhanl\OneDrive\Desktop\School\DSP391m\Real-Estate-Valuation\app\ui\streamlit_app.py
2026-07-23 05:07:24.344 Path changed: C:\Users\nhanl\OneDrive\Desktop\School\DSP391m\Real-Estate-Valuation\app\ui\streamlit_app.py
2026-07-23 05:07:24.346 Path changed: C:\Users\nhanl\OneDrive\Desktop\School\DSP391m\Real-Estate-Valuation\app\ui\streamlit_app.py
2026-07-23 05:07:32.337 Ignoring changed path C:\Users\nhanl\OneDrive\Desktop\School\DSP391m\Real-Estate-Valuation\app\ui\streamlit_app.py.tmp.20852.61bfd6e12ef1.
Watched_paths: {'C:\\Users\\nhanl\\OneDrive\\Desktop\\School\\DSP391m\\Real-Estate-Valuation\\app\\ui\\streamlit_app.py': WatchedPath(content_hash='eed804643a2df7c8440d095807fa5158', modification_time=1784758044.258269, on_changed=<blinker.base.Signal object at 0x000001F60A1766D0>)}
2026-07-23 05:07:32.345 Ignoring changed path C:\Users\nhanl\OneDrive\Desktop\School\DSP391m\Real-Estate-Valuation\app\ui\streamlit_app.py.tmp.20852.61bfd6e12ef1.
Watched_paths: {'C:\\Users\\nhanl\\OneDrive\\Desktop\\School\\DSP391m\\Real-Estate-Valuation\\app\\ui\\streamlit_app.py': WatchedPath(content_hash='eed804643a2df7c8440d095807fa5158', modification_time=1784758044.258269, on_changed=<blinker.base.Signal object at 0x000001F60A1766D0>)}
2026-07-23 05:07:32.346 Ignoring changed path C:\Users\nhanl\OneDrive\Desktop\School\DSP391m\Real-Estate-Valuation\app\ui\streamlit_app.py.tmp.20852.61bfd6e12ef1.
Watched_paths: {'C:\\Users\\nhanl\\OneDrive\\Desktop\\School\\DSP391m\\Real-Estate-Valuation\\app\\ui\\streamlit_app.py': WatchedPath(content_hash='eed804643a2df7c8440d095807fa5158', modification_time=1784758044.258269, on_changed=<blinker.base.Signal object at 0x000001F60A1766D0>)}
2026-07-23 05:07:32.348 Move event: src C:\Users\nhanl\OneDrive\Desktop\School\DSP391m\Real-Estate-Valuation\app\ui\streamlit_app.py.tmp.20852.61bfd6e12ef1; dest C:\Users\nhanl\OneDrive\Desktop\School\DSP391m\Real-Estate-Valuation\app\ui\streamlit_app.py
2026-07-23 05:07:32.427 File/dir hash changed: C:\Users\nhanl\OneDrive\Desktop\School\DSP391m\Real-Estate-Valuation\app\ui\streamlit_app.py
2026-07-23 05:07:32.427 Path changed: C:\Users\nhanl\OneDrive\Desktop\School\DSP391m\Real-Estate-Valuation\app\ui\streamlit_app.py
2026-07-23 05:07:32.428 Path changed: C:\Users\nhanl\OneDrive\Desktop\School\DSP391m\Real-Estate-Valuation\app\ui\streamlit_app.py
2026-07-23 05:07:32.429 Path changed: C:\Users\nhanl\OneDrive\Desktop\School\DSP391m\Real-Estate-Valuation\app\ui\streamlit_app.py
2026-07-23 05:07:32.430 Path changed: C:\Users\nhanl\OneDrive\Desktop\School\DSP391m\Real-Estate-Valuation\app\ui\streamlit_app.py
2026-07-23 05:07:48.008 Ignoring changed path C:\Users\nhanl\OneDrive\Desktop\School\DSP391m\Real-Estate-Valuation\app\ui\streamlit_app.py.tmp.20852.40a66b636d77.
Watched_paths: {'C:\\Users\\nhanl\\OneDrive\\Desktop\\School\\DSP391m\\Real-Estate-Valuation\\app\\ui\\streamlit_app.py': WatchedPath(content_hash='5d574cb0f3e7a1ff3b08f676e22eb15d', modification_time=1784758052.343384, on_changed=<blinker.base.Signal object at 0x000001F60A1766D0>)}
2026-07-23 05:07:48.014 Ignoring changed path C:\Users\nhanl\OneDrive\Desktop\School\DSP391m\Real-Estate-Valuation\app\ui\streamlit_app.py.tmp.20852.40a66b636d77.
Watched_paths: {'C:\\Users\\nhanl\\OneDrive\\Desktop\\School\\DSP391m\\Real-Estate-Valuation\\app\\ui\\streamlit_app.py': WatchedPath(content_hash='5d574cb0f3e7a1ff3b08f676e22eb15d', modification_time=1784758052.343384, on_changed=<blinker.base.Signal object at 0x000001F60A1766D0>)}
2026-07-23 05:07:48.016 Ignoring changed path C:\Users\nhanl\OneDrive\Desktop\School\DSP391m\Real-Estate-Valuation\app\ui\streamlit_app.py.tmp.20852.40a66b636d77.
Watched_paths: {'C:\\Users\\nhanl\\OneDrive\\Desktop\\School\\DSP391m\\Real-Estate-Valuation\\app\\ui\\streamlit_app.py': WatchedPath(content_hash='5d574cb0f3e7a1ff3b08f676e22eb15d', modification_time=1784758052.343384, on_changed=<blinker.base.Signal object at 0x000001F60A1766D0>)}
2026-07-23 05:07:48.019 Move event: src C:\Users\nhanl\OneDrive\Desktop\School\DSP391m\Real-Estate-Valuation\app\ui\streamlit_app.py.tmp.20852.40a66b636d77; dest C:\Users\nhanl\OneDrive\Desktop\School\DSP391m\Real-Estate-Valuation\app\ui\streamlit_app.py
2026-07-23 05:07:48.095 File/dir hash changed: C:\Users\nhanl\OneDrive\Desktop\School\DSP391m\Real-Estate-Valuation\app\ui\streamlit_app.py
2026-07-23 05:07:48.095 Path changed: C:\Users\nhanl\OneDrive\Desktop\School\DSP391m\Real-Estate-Valuation\app\ui\streamlit_app.py
2026-07-23 05:07:48.095 Path changed: C:\Users\nhanl\OneDrive\Desktop\School\DSP391m\Real-Estate-Valuation\app\ui\streamlit_app.py
2026-07-23 05:07:48.096 Path changed: C:\Users\nhanl\OneDrive\Desktop\School\DSP391m\Real-Estate-Valuation\app\ui\streamlit_app.py
2026-07-23 05:07:48.096 Path changed: C:\Users\nhanl\OneDrive\Desktop\School\DSP391m\Real-Estate-Valuation\app\ui\streamlit_app.py
2026-07-23 05:08:02.446 Ignoring changed path C:\Users\nhanl\OneDrive\Desktop\School\DSP391m\Real-Estate-Valuation\app\ui\streamlit_app.py.tmp.20852.ac986511cab0.
Watched_paths: {'C:\\Users\\nhanl\\OneDrive\\Desktop\\School\\DSP391m\\Real-Estate-Valuation\\app\\ui\\streamlit_app.py': WatchedPath(content_hash='9f1456424e96318e8327b67c1c74b8c8', modification_time=1784758068.0133467, on_changed=<blinker.base.Signal object at 0x000001F60A1766D0>)}
2026-07-23 05:08:02.447 Ignoring changed path C:\Users\nhanl\OneDrive\Desktop\School\DSP391m\Real-Estate-Valuation\app\ui\streamlit_app.py.tmp.20852.ac986511cab0.
Watched_paths: {'C:\\Users\\nhanl\\OneDrive\\Desktop\\School\\DSP391m\\Real-Estate-Valuation\\app\\ui\\streamlit_app.py': WatchedPath(content_hash='9f1456424e96318e8327b67c1c74b8c8', modification_time=1784758068.0133467, on_changed=<blinker.base.Signal object at 0x000001F60A1766D0>)}
2026-07-23 05:08:02.448 Ignoring changed path C:\Users\nhanl\OneDrive\Desktop\School\DSP391m\Real-Estate-Valuation\app\ui\streamlit_app.py.tmp.20852.ac986511cab0.
Watched_paths: {'C:\\Users\\nhanl\\OneDrive\\Desktop\\School\\DSP391m\\Real-Estate-Valuation\\app\\ui\\streamlit_app.py': WatchedPath(content_hash='9f1456424e96318e8327b67c1c74b8c8', modification_time=1784758068.0133467, on_changed=<blinker.base.Signal object at 0x000001F60A1766D0>)}
2026-07-23 05:08:02.456 Move event: src C:\Users\nhanl\OneDrive\Desktop\School\DSP391m\Real-Estate-Valuation\app\ui\streamlit_app.py.tmp.20852.ac986511cab0; dest C:\Users\nhanl\OneDrive\Desktop\School\DSP391m\Real-Estate-Valuation\app\ui\streamlit_app.py
2026-07-23 05:08:02.528 File/dir hash changed: C:\Users\nhanl\OneDrive\Desktop\School\DSP391m\Real-Estate-Valuation\app\ui\streamlit_app.py
2026-07-23 05:08:02.528 Path changed: C:\Users\nhanl\OneDrive\Desktop\School\DSP391m\Real-Estate-Valuation\app\ui\streamlit_app.py
2026-07-23 05:08:02.531 Path changed: C:\Users\nhanl\OneDrive\Desktop\School\DSP391m\Real-Estate-Valuation\app\ui\streamlit_app.py
2026-07-23 05:08:02.532 Path changed: C:\Users\nhanl\OneDrive\Desktop\School\DSP391m\Real-Estate-Valuation\app\ui\streamlit_app.py
2026-07-23 05:08:02.534 Path changed: C:\Users\nhanl\OneDrive\Desktop\School\DSP391m\Real-Estate-Valuation\app\ui\streamlit_app.py
2026-07-23 05:08:03.318 Beginning script thread
2026-07-23 05:08:03.319 Running script
2026-07-23 05:08:03.319 Disconnecting files for session with ID ea20d7da-1272-43f9-824a-8fc06884a6d1
2026-07-23 05:08:03.320 Sessions still active: dict_keys([])
2026-07-23 05:08:03.320 Files: 0; Sessions with files: 0
2026-07-23 05:08:03.648 Cache key: cae66941d9efbd404e4d88758ea67670
